#
# There is insufficient memory for the Java Runtime Environment to continue.
# Native memory allocation (mmap) failed to map 266338304 bytes for Failed to commit area from 0x0000000702e00000 to 0x0000000712c00000 of length 266338304.
# Possible reasons:
#   The system is out of physical RAM or swap space
#   The process is running with CompressedOops enabled, and the Java Heap may be blocking the growth of the native heap
# Possible solutions:
#   Reduce memory load on the system
#   Increase physical memory or swap space
#   Check if swap backing store is full
#   Decrease Java heap size (-Xmx/-Xms)
#   Decrease number of Java threads
#   Decrease Java thread stack sizes (-Xss)
#   Set larger code cache with -XX:ReservedCodeCacheSize=
#   JVM is running with Zero Based Compressed Oops mode in which the Java heap is
#     placed in the first 32GB address space. The Java Heap base address is the
#     maximum limit for the native heap growth. Please use -XX:HeapBaseMinAddress
#     to set the Java Heap base and to place the Java Heap above 32GB virtual address.
# This output file may be truncated or incomplete.
#
#  Out of Memory Error (./open/src/hotspot/os/windows/os_windows.cpp:3315), pid=16804, tid=9236
#
# JRE version:  (14.0.1+7) (build )
# Java VM: Java HotSpot(TM) 64-Bit Server VM (14.0.1+7, mixed mode, sharing, tiered, compressed oops, g1 gc, windows-amd64)
# No core dump will be written. Minidumps are not enabled by default on client versions of Windows
#

---------------  S U M M A R Y ------------

Command Line: -Dfile.encoding=Cp1252 --module-path=D:\Eclipse\IT101Project1\bin -XX:+ShowCodeDetailsInExceptionMessages -Djdk.module.main=it101Project1 it101Project1/userInfo.CommandOutput

Host: Intel(R) Core(TM) i7-9750H CPU @ 2.60GHz, 12 cores, 15G,  Windows 10 , 64 bit Build 18362 (10.0.18362.1082)
Time: Tue Oct  6 16:21:16 2020 Eastern Daylight Time elapsed time: 0 seconds (0d 0h 0m 0s)

---------------  T H R E A D  ---------------

Current thread (0x00000144b611c000):  JavaThread "Unknown thread" [_thread_in_vm, id=9236, stack(0x00000028cbe00000,0x00000028cbf00000)]

Stack: [0x00000028cbe00000,0x00000028cbf00000]
Native frames: (J=compiled Java code, j=interpreted, Vv=VM code, C=native code)
V  [jvm.dll+0x5f840a]
V  [jvm.dll+0x741e4a]
V  [jvm.dll+0x7435ff]
V  [jvm.dll+0x743c43]
V  [jvm.dll+0x20d288]
V  [jvm.dll+0x5f57ba]
V  [jvm.dll+0x5ea615]
V  [jvm.dll+0x2c7e9c]
V  [jvm.dll+0x2c7cd2]
V  [jvm.dll+0x2cdbbc]
V  [jvm.dll+0x313ff8]
V  [jvm.dll+0x313720]
V  [jvm.dll+0x2a092a]
V  [jvm.dll+0x2a1a79]
V  [jvm.dll+0x71f718]
V  [jvm.dll+0x321c44]
V  [jvm.dll+0x700b0c]
V  [jvm.dll+0x392dff]
V  [jvm.dll+0x394e71]
C  [jli.dll+0x523b]
C  [ucrtbase.dll+0x20e82]
C  [KERNEL32.DLL+0x17bd4]
C  [ntdll.dll+0x6ce51]


---------------  P R O C E S S  ---------------

Threads class SMR info:
_java_thread_list=0x00007ffe3abb3078, length=0, elements={
}

Java Threads: ( => current thread )

Other Threads:
  0x00000144b6183800 GCTaskThread "GC Thread#0" [stack: 0x00000028cbf00000,0x00000028cc000000] [id=21892]
  0x00000144b61a5800 ConcurrentGCThread "G1 Main Marker" [stack: 0x00000028cc000000,0x00000028cc100000] [id=10872]
  0x00000144b61a6800 ConcurrentGCThread "G1 Conc#0" [stack: 0x00000028cc100000,0x00000028cc200000] [id=23124]

[error occurred during error reporting (printing all threads), id 0xc0000005, EXCEPTION_ACCESS_VIOLATION (0xc0000005) at pc=0x00007ffe3a3e1257]

VM state:not at safepoint (not fully initialized)

VM Mutex/Monitor currently owned by a thread:  ([mutex/lock_event])
[0x00000144b6118fb0] Heap_lock - owner thread: 0x00000144b611c000

Heap address: 0x0000000702e00000, size: 4050 MB, Compressed Oops mode: Zero based, Oop shift amount: 3
Narrow klass base: 0x0000000000000000, Narrow klass shift: 0

GC Heap History (0 events):
No events

Deoptimization events (0 events):
No events

Classes unloaded (0 events):
No events

Classes redefined (0 events):
No events

Internal exceptions (0 events):
No events

Events (2 events):
Event: 0.004 Loaded shared library C:\Program Files\Java\jdk-14.0.1\bin\java.dll
Event: 0.005 Loaded shared library C:\Program Files\Java\jdk-14.0.1\bin\zip.dll


Dynamic libraries:
0x00007ff793660000 - 0x00007ff79366f000 	C:\Program Files\Java\jdk-14.0.1\bin\javaw.exe
0x00007ffedde60000 - 0x00007ffede050000 	C:\Windows\SYSTEM32\ntdll.dll
0x00007ffedd970000 - 0x00007ffedda22000 	C:\Windows\System32\KERNEL32.DLL
0x00007ffedadf0000 - 0x00007ffedb095000 	C:\Windows\System32\KERNELBASE.dll
0x00007ffedb240000 - 0x00007ffedb33a000 	C:\Windows\System32\ucrtbase.dll
0x00007ffeb7470000 - 0x00007ffeb7485000 	C:\Program Files\Java\jdk-14.0.1\bin\VCRUNTIME140.dll
0x00007ffeb6b80000 - 0x00007ffeb6b98000 	C:\Program Files\Java\jdk-14.0.1\bin\jli.dll
0x00007ffedc880000 - 0x00007ffedc923000 	C:\Windows\System32\ADVAPI32.dll
0x00007ffedd820000 - 0x00007ffedd8be000 	C:\Windows\System32\msvcrt.dll
0x00007ffedd8c0000 - 0x00007ffedd957000 	C:\Windows\System32\sechost.dll
0x00007ffedc760000 - 0x00007ffedc880000 	C:\Windows\System32\RPCRT4.dll
0x00007ffedd610000 - 0x00007ffedd7a5000 	C:\Windows\System32\USER32.dll
0x00007ffedb210000 - 0x00007ffedb231000 	C:\Windows\System32\win32u.dll
0x00007ffecda20000 - 0x00007ffecdca4000 	C:\Windows\WinSxS\amd64_microsoft.windows.common-controls_6595b64144ccf1df_6.0.18362.1082_none_9e8193e1e45b25c1\COMCTL32.dll
0x00007ffedbfb0000 - 0x00007ffedbfd6000 	C:\Windows\System32\GDI32.dll
0x00007ffedcb80000 - 0x00007ffedceb5000 	C:\Windows\System32\combase.dll
0x00007ffedb500000 - 0x00007ffedb696000 	C:\Windows\System32\gdi32full.dll
0x00007ffedb6a0000 - 0x00007ffedb73e000 	C:\Windows\System32\msvcp_win.dll
0x00007ffedb340000 - 0x00007ffedb3c0000 	C:\Windows\System32\bcryptPrimitives.dll
0x00007ffed6320000 - 0x00007ffed632a000 	C:\Windows\SYSTEM32\VERSION.dll
0x00007ffedddf0000 - 0x00007ffedde1e000 	C:\Windows\System32\IMM32.DLL
0x00007ffe9f130000 - 0x00007ffe9f1cb000 	C:\Program Files\Java\jdk-14.0.1\bin\msvcp140.dll
0x00007ffe3a130000 - 0x00007ffe3ac4e000 	C:\Program Files\Java\jdk-14.0.1\bin\server\jvm.dll
0x00007ffedd960000 - 0x00007ffedd968000 	C:\Windows\System32\PSAPI.DLL
0x00007ffecfb30000 - 0x00007ffecfb39000 	C:\Windows\SYSTEM32\WSOCK32.dll
0x00007ffed0160000 - 0x00007ffed0184000 	C:\Windows\SYSTEM32\WINMM.dll
0x00007ffeddb70000 - 0x00007ffeddbdf000 	C:\Windows\System32\WS2_32.dll
0x00007ffecff10000 - 0x00007ffecff3d000 	C:\Windows\SYSTEM32\winmmbase.dll
0x00007ffedb740000 - 0x00007ffedb78a000 	C:\Windows\System32\cfgmgr32.dll
0x00007ffedad30000 - 0x00007ffedad41000 	C:\Windows\System32\kernel.appcore.dll
0x00007ffecfc10000 - 0x00007ffecfc1a000 	C:\Program Files\Java\jdk-14.0.1\bin\jimage.dll
0x00007ffed9630000 - 0x00007ffed9824000 	C:\Windows\SYSTEM32\DBGHELP.DLL
0x00007ffeb8190000 - 0x00007ffeb81ba000 	C:\Windows\SYSTEM32\dbgcore.DLL
0x00007ffeacd10000 - 0x00007ffeacd35000 	C:\Program Files\Java\jdk-14.0.1\bin\java.dll
0x00007ffec87d0000 - 0x00007ffec87e6000 	C:\Program Files\Java\jdk-14.0.1\bin\zip.dll

dbghelp: loaded successfully - version: 4.0.5 - missing functions: none
symbol engine: initialized successfully - sym options: 0x614 - pdb path: .;C:\Program Files\Java\jdk-14.0.1\bin;C:\Windows\SYSTEM32;C:\Windows\WinSxS\amd64_microsoft.windows.common-controls_6595b64144ccf1df_6.0.18362.1082_none_9e8193e1e45b25c1;C:\Program Files\Java\jdk-14.0.1\bin\server

VM Arguments:
jvm_args: -Dfile.encoding=Cp1252 --module-path=D:\Eclipse\IT101Project1\bin -XX:+ShowCodeDetailsInExceptionMessages -Djdk.module.main=it101Project1 
java_command: it101Project1/userInfo.CommandOutput
java_class_path (initial): <not set>
Launcher Type: SUN_STANDARD

[Global flags]
     intx CICompilerCount                          = 4                                         {product} {ergonomic}
     uint ConcGCThreads                            = 3                                         {product} {ergonomic}
     uint G1ConcRefinementThreads                  = 10                                        {product} {ergonomic}
   size_t G1HeapRegionSize                         = 1048576                                   {product} {ergonomic}
    uintx GCDrainStackTargetSize                   = 64                                        {product} {ergonomic}
   size_t InitialHeapSize                          = 266338304                                 {product} {ergonomic}
   size_t MarkStackSize                            = 4194304                                   {product} {ergonomic}
   size_t MaxHeapSize                              = 4246732800                                {product} {ergonomic}
   size_t MinHeapDeltaBytes                        = 1048576                                   {product} {ergonomic}
   size_t MinHeapSize                              = 8388608                                   {product} {ergonomic}
    uintx NonNMethodCodeHeapSize                   = 5839372                                {pd product} {ergonomic}
    uintx NonProfiledCodeHeapSize                  = 122909434                              {pd product} {ergonomic}
    uintx ProfiledCodeHeapSize                     = 122909434                              {pd product} {ergonomic}
    uintx ReservedCodeCacheSize                    = 251658240                              {pd product} {ergonomic}
     bool SegmentedCodeCache                       = true                                      {product} {ergonomic}
     bool ShowCodeDetailsInExceptionMessages       = true                                   {manageable} {command line}
   size_t SoftMaxHeapSize                          = 4246732800                             {manageable} {ergonomic}
     bool UseCompressedClassPointers               = true                                 {lp64_product} {ergonomic}
     bool UseCompressedOops                        = true                                 {lp64_product} {ergonomic}
     bool UseG1GC                                  = true                                      {product} {ergonomic}
     bool UseLargePagesIndividualAllocation        = false                                  {pd product} {ergonomic}

Logging:
Log output configuration:
 #0: stdout all=warning uptime,level,tags
 #1: stderr all=off uptime,level,tags

Environment Variables:
PATH=C:/Program Files/Java/jdk-14.0.1/bin/server;C:/Program Files/Java/jdk-14.0.1/bin;C:\Program Files (x86)\Common Files\Oracle\Java\javapath;C:\Windows\system32;C:\Windows;C:\Windows\System32\Wbem;C:\Windows\System32\WindowsPowerShell\v1.0\;C:\Windows\System32\OpenSSH\;C:\Program Files (x86)\NVIDIA Corporation\PhysX\Common;C:\Program Files\NVIDIA Corporation\NVIDIA NvDLISR;C:\HashiCorp\Vagrant\bin;D:\Git\cmd;C:\Program Files\dotnet\;C:\Users\tvict\AppData\Local\Microsoft\WindowsApps;D:\Microsoft VS Code\bin;C:\Users\tvict\AppData\Local\GitHubDesktop\bin;C:\Windows\system32;
USERNAME=tvict
OS=Windows_NT
PROCESSOR_IDENTIFIER=Intel64 Family 6 Model 158 Stepping 10, GenuineIntel



---------------  S Y S T E M  ---------------

OS: Windows 10 , 64 bit Build 18362 (10.0.18362.1082)
OS uptime: 3 days 18:58 hours

CPU:total 12 (initial active 12) (6 cores per cpu, 2 threads per core) family 6 model 158 stepping 10, cmov, cx8, fxsr, mmx, sse, sse2, sse3, ssse3, sse4.1, sse4.2, popcnt, avx, avx2, aes, clmul, erms, 3dnowpref, lzcnt, ht, tsc, tscinvbit, bmi1, bmi2, adx, fma

Memory: 4k page, system-wide physical 16196M (7279M free)
TotalPageFile size 18790M (AvailPageFile size 126M)
current process WorkingSet (physical memory assigned to process): 10M, peak: 10M
current process commit charge ("private bytes"): 65M, peak: 319M

vm_info: Java HotSpot(TM) 64-Bit Server VM (14.0.1+7) for windows-amd64 JRE (14.0.1+7), built on Mar  5 2020 10:30:14 by "mach5one" with MS VC++ 15.9 (VS2017)

END.
